0 info it worked if it ends with ok
1 verbose cli [ 'F:\\NodeJs\\node.exe',
1 verbose cli   'F:\\NodeJs\\node_modules\\npm\\bin\\npm-cli.js',
1 verbose cli   'start' ]
2 info using npm@3.10.10
3 info using node@v6.10.3
4 verbose run-script [ 'prestart', 'start', 'poststart' ]
5 info lifecycle server1@0.0.0~prestart: server1@0.0.0
6 silly lifecycle server1@0.0.0~prestart: no script for prestart, continuing
7 info lifecycle server1@0.0.0~start: server1@0.0.0
8 verbose lifecycle server1@0.0.0~start: unsafe-perm in lifecycle true
9 verbose lifecycle server1@0.0.0~start: PATH: F:\NodeJs\node_modules\npm\bin\node-gyp-bin;D:\github lixin\gittest\精简版NodeJs后台\node_modules\.bin;C:\ProgramData\Oracle\Java\javapath;C:\Windows\system32;C:\Windows;C:\Windows\System32\Wbem;C:\Windows\System32\WindowsPowerShell\v1.0\;C:\Program Files\Java\jdk1.8.0_111\bin;C:\Program Files\Java\jdk1.8.0_111\jre\bin;E:\adt-bundle-windows-x86_64-20140702\sdk\tools;;C:\Program Files\TortoiseSVN\bin;F:\NodeJs\;C:\ProgramData\chocolatey\bin;C:\Users\Administrator\AppData\Roaming\npm;C:\Users\Administrator\AppData\Local\atom\bin;F:\VSCode\Microsoft VS Code\bin
10 verbose lifecycle server1@0.0.0~start: CWD: D:\github lixin\gittest\精简版NodeJs后台
11 silly lifecycle server1@0.0.0~start: Args: [ '/d /s /c', 'node ./bin/www' ]
12 silly lifecycle server1@0.0.0~start: Returned: code: 3221225786  signal: null
13 info lifecycle server1@0.0.0~start: Failed to exec start script
14 verbose stack Error: server1@0.0.0 start: `node ./bin/www`
14 verbose stack Exit status 3221225786
14 verbose stack     at EventEmitter.<anonymous> (F:\NodeJs\node_modules\npm\lib\utils\lifecycle.js:255:16)
14 verbose stack     at emitTwo (events.js:106:13)
14 verbose stack     at EventEmitter.emit (events.js:191:7)
14 verbose stack     at ChildProcess.<anonymous> (F:\NodeJs\node_modules\npm\lib\utils\spawn.js:40:14)
14 verbose stack     at emitTwo (events.js:106:13)
14 verbose stack     at ChildProcess.emit (events.js:191:7)
14 verbose stack     at maybeClose (internal/child_process.js:886:16)
14 verbose stack     at Process.ChildProcess._handle.onexit (internal/child_process.js:226:5)
15 verbose pkgid server1@0.0.0
16 verbose cwd D:\github lixin\gittest\精简版NodeJs后台
17 error Windows_NT 6.1.7601
18 error argv "F:\\NodeJs\\node.exe" "F:\\NodeJs\\node_modules\\npm\\bin\\npm-cli.js" "start"
19 error node v6.10.3
20 error npm  v3.10.10
21 error code ELIFECYCLE
22 error server1@0.0.0 start: `node ./bin/www`
22 error Exit status 3221225786
23 error Failed at the server1@0.0.0 start script 'node ./bin/www'.
23 error Make sure you have the latest version of node.js and npm installed.
23 error If you do, this is most likely a problem with the server1 package,
23 error not with npm itself.
23 error Tell the author that this fails on your system:
23 error     node ./bin/www
23 error You can get information on how to open an issue for this project with:
23 error     npm bugs server1
23 error Or if that isn't available, you can get their info via:
23 error     npm owner ls server1
23 error There is likely additional logging output above.
24 verbose exit [ 1, true ]
